TN:
SF:src/Mochila.ts
FN:37,(anonymous_0)
FN:55,(anonymous_1)
FN:56,(anonymous_2)
FN:72,(anonymous_3)
FN:80,(anonymous_4)
FN:85,(anonymous_5)
FN:104,(anonymous_6)
FN:112,(anonymous_7)
FN:115,(anonymous_8)
FNF:9
FNH:7
FNDA:7,(anonymous_0)
FNDA:20,(anonymous_1)
FNDA:20,(anonymous_2)
FNDA:0,(anonymous_3)
FNDA:2,(anonymous_4)
FNDA:10,(anonymous_5)
FNDA:0,(anonymous_6)
FNDA:2,(anonymous_7)
FNDA:10,(anonymous_8)
DA:1,1
DA:38,7
DA:39,2
DA:41,5
DA:42,5
DA:45,5
DA:46,2
DA:47,2
DA:48,3
DA:49,2
DA:50,2
DA:52,1
DA:55,20
DA:56,20
DA:58,4
DA:66,1
DA:73,0
DA:81,2
DA:82,2
DA:83,2
DA:85,2
DA:86,10
DA:87,10
DA:90,2
DA:98,1
DA:105,0
DA:113,2
DA:114,2
DA:115,10
DA:121,2
DA:126,1
DA:127,1
DA:128,1
DA:130,1
DA:131,1
DA:132,1
LF:36
LH:34
BRDA:38,0,0,2
BRDA:38,0,1,5
BRDA:42,1,0,5
BRDA:42,1,1,0
BRDA:45,2,0,2
BRDA:45,2,1,3
BRDA:48,3,0,2
BRDA:48,3,1,1
BRF:8
BRH:7
end_of_record
